2024-08-27 07:42:05,522 [INFO] Activator:176 - 


2024-08-27 07:42:05,527 [INFO] Activator:177 - !SESSION log4j initialized
2024-08-27 07:42:11,329 [INFO] LogOutputStream:77 - [STDOUT_REDIRECT] 
2024-08-27 07:42:15,768 [INFO] ApplicationProperties:184 - Using Application install path: C:\ST\STM32CubeIDE_1.13.2\STM32CubeIDE\plugins\com.st.stm32cube.common.mx_6.9.2.202309101412
2024-08-27 07:42:15,803 [INFO] DbMcusXml:78 - Set database path to: C:\ST\STM32CubeIDE_1.13.2\STM32CubeIDE\plugins\com.st.stm32cube.common.mx_6.9.2.202309101412\\db\/mcu/
2024-08-27 07:42:15,804 [INFO] ApiDb:274 - Set plugin database path to: C:\ST\STM32CubeIDE_1.13.2\STM32CubeIDE\plugins\com.st.stm32cube.common.mx_6.9.2.202309101412\\db\/plugins/boardmanager/
2024-08-27 07:42:15,805 [WARN] ApiDb:259 - Overriding images path with different value:  => C:\ST\STM32CubeIDE_1.13.2\STM32CubeIDE\plugins\com.st.stm32cube.common.mx_6.9.2.202309101412\\db\/plugins/mcufinder/images/
2024-08-27 07:42:15,822 [INFO] ApiDb:250 - Set database path to: C:\Users\ignor\.stmcufinder\plugins\mcufinder//mcu/
2024-08-27 07:42:15,824 [INFO] DbMcusAds:125 - Set database path to: C:\Users\ignor\.stmcufinder\plugins\mcufinder//mcu/
2024-08-27 07:42:15,829 [INFO] CrossReferenceDbSqlite:203 - Set database path to: C:\Users\ignor\.stmcufinder\plugins\mcufinder//mcu/cs/
2024-08-27 07:42:16,052 [INFO] RulesReader:64 - Compatibility file has been processed (293 Rules)
2024-08-27 07:42:16,227 [INFO] DbMcusXml:78 - Set database path to: C:\ST\STM32CubeIDE_1.13.2\STM32CubeIDE\plugins\com.st.stm32cube.common.mx_6.9.2.202309101412\\db\/mcu/
2024-08-27 07:42:16,227 [INFO] ApiDb:274 - Set plugin database path to: C:\ST\STM32CubeIDE_1.13.2\STM32CubeIDE\plugins\com.st.stm32cube.common.mx_6.9.2.202309101412\\db\/plugins/boardmanager/
2024-08-27 07:42:16,227 [INFO] ApiDb:261 - Set plugin images path to: C:\ST\STM32CubeIDE_1.13.2\STM32CubeIDE\plugins\com.st.stm32cube.common.mx_6.9.2.202309101412\\db\/plugins/mcufinder/images/
2024-08-27 07:42:16,228 [WARN] DbFile:41 - Overriding database path with different value: C:\Users\ignor\.stmcufinder\plugins\mcufinder/ => C:\Users\ignor\.stmcufinder\plugins\mcufinder
2024-08-27 07:42:16,228 [INFO] ApiDb:250 - Set database path to: C:\Users\ignor\.stmcufinder\plugins\mcufinder//mcu/
2024-08-27 07:42:16,229 [WARN] DbFile:41 - Overriding database path with different value: C:\Users\ignor\.stmcufinder\plugins\mcufinder/ => C:\Users\ignor\.stmcufinder\plugins\mcufinder
2024-08-27 07:42:16,229 [INFO] DbMcusAds:125 - Set database path to: C:\Users\ignor\.stmcufinder\plugins\mcufinder//mcu/
2024-08-27 07:42:16,229 [WARN] DbFile:41 - Overriding database path with different value: C:\Users\ignor\.stmcufinder\plugins\mcufinder/ => C:\Users\ignor\.stmcufinder\plugins\mcufinder
2024-08-27 07:42:16,229 [WARN] DbFile:41 - Overriding database path with different value: C:\Users\ignor\.stmcufinder\plugins\mcufinder/ => C:\Users\ignor\.stmcufinder\plugins\mcufinder
2024-08-27 07:42:16,230 [INFO] CrossReferenceDbSqlite:203 - Set database path to: C:\Users\ignor\.stmcufinder\plugins\mcufinder//mcu/cs/
2024-08-27 07:42:16,358 [INFO] MainPanel:262 - HeapMemory: 268435456
2024-08-27 07:42:16,450 [INFO] DbMcusXml:78 - Set database path to: C:\ST\STM32CubeIDE_1.13.2\STM32CubeIDE\plugins\com.st.stm32cube.common.mx_6.9.2.202309101412\\db\/mcu/
2024-08-27 07:42:16,451 [INFO] ApiDb:274 - Set plugin database path to: C:\ST\STM32CubeIDE_1.13.2\STM32CubeIDE\plugins\com.st.stm32cube.common.mx_6.9.2.202309101412\\db\/plugins/boardmanager/
2024-08-27 07:42:16,451 [INFO] ApiDb:261 - Set plugin images path to: C:\ST\STM32CubeIDE_1.13.2\STM32CubeIDE\plugins\com.st.stm32cube.common.mx_6.9.2.202309101412\\db\/plugins/mcufinder/images/
2024-08-27 07:42:16,451 [WARN] DbFile:41 - Overriding database path with different value: C:\Users\ignor\.stmcufinder\plugins\mcufinder/ => C:\Users\ignor\.stmcufinder\plugins\mcufinder
2024-08-27 07:42:16,451 [INFO] ApiDb:250 - Set database path to: C:\Users\ignor\.stmcufinder\plugins\mcufinder//mcu/
2024-08-27 07:42:16,451 [WARN] DbFile:41 - Overriding database path with different value: C:\Users\ignor\.stmcufinder\plugins\mcufinder/ => C:\Users\ignor\.stmcufinder\plugins\mcufinder
2024-08-27 07:42:16,451 [INFO] DbMcusAds:125 - Set database path to: C:\Users\ignor\.stmcufinder\plugins\mcufinder//mcu/
2024-08-27 07:42:16,452 [WARN] DbFile:41 - Overriding database path with different value: C:\Users\ignor\.stmcufinder\plugins\mcufinder/ => C:\Users\ignor\.stmcufinder\plugins\mcufinder
2024-08-27 07:42:16,452 [WARN] DbFile:41 - Overriding database path with different value: C:\Users\ignor\.stmcufinder\plugins\mcufinder/ => C:\Users\ignor\.stmcufinder\plugins\mcufinder
2024-08-27 07:42:16,452 [INFO] CrossReferenceDbSqlite:203 - Set database path to: C:\Users\ignor\.stmcufinder\plugins\mcufinder//mcu/cs/
2024-08-27 07:42:16,475 [INFO] ApplicationProperties:184 - Using Application install path: C:\ST\STM32CubeIDE_1.13.2\STM32CubeIDE\plugins\com.st.stm32cube.common.mx_6.9.2.202309101412
2024-08-27 07:42:16,477 [INFO] PluginManage:196 - Search for loadable plugins [exclusion list=, ]
2024-08-27 07:42:16,478 [INFO] PluginManage:310 - Check plugin analytics
2024-08-27 07:42:16,810 [INFO] AnalyticsPlugin:253 - Accepted Software Licenses: 
2024-08-27 07:42:16,811 [INFO] AnalyticsPlugin:255 - Accepted CMSIS Pack Licenses: 
2024-08-27 07:42:16,811 [INFO] AnalyticsPlugin:257 - Accepted Firmware Licenses: 
2024-08-27 07:42:16,816 [INFO] PluginManage:359 - Loaded plugin analytics (category:tool,tabindex:-1)
2024-08-27 07:42:16,817 [INFO] PluginManage:310 - Check plugin cadmodel
2024-08-27 07:42:16,828 [INFO] CADModel:105 - Init CAD model plugin
2024-08-27 07:42:16,829 [INFO] PluginManage:359 - Loaded plugin cadmodel (category:power,tabindex:5)
2024-08-27 07:42:16,829 [INFO] PluginManage:310 - Check plugin clock
2024-08-27 07:42:16,851 [INFO] PluginManage:359 - Loaded plugin clock (category:base,tabindex:2)
2024-08-27 07:42:16,852 [INFO] PluginManage:310 - Check plugin ddr
2024-08-27 07:42:16,862 [INFO] PluginManage:359 - Loaded plugin ddr (category:tool,tabindex:6)
2024-08-27 07:42:16,863 [INFO] PluginManage:310 - Check plugin filemanager
2024-08-27 07:42:17,109 [INFO] PluginManage:359 - Loaded plugin filemanager (category:base,tabindex:10)
2024-08-27 07:42:17,110 [INFO] PluginManage:310 - Check plugin ipmanager
2024-08-27 07:42:17,126 [INFO] PluginManage:359 - Loaded plugin ipmanager (category:base,tabindex:5)
2024-08-27 07:42:17,126 [INFO] PluginManage:310 - Check plugin lpbam
2024-08-27 07:42:17,143 [INFO] PluginManage:359 - Loaded plugin lpbam (category:base,tabindex:0)
2024-08-27 07:42:17,143 [INFO] PluginManage:310 - Check plugin memorymap
2024-08-27 07:42:17,166 [INFO] PluginManage:359 - Loaded plugin memorymap (category:base,tabindex:4)
2024-08-27 07:42:17,167 [INFO] PluginManage:310 - Check plugin pinoutandconfiguration
2024-08-27 07:42:17,189 [INFO] PluginManage:359 - Loaded plugin pinoutandconfiguration (category:base,tabindex:1)
2024-08-27 07:42:17,189 [INFO] PluginManage:310 - Check plugin pinoutconfig
2024-08-27 07:42:17,350 [WARN] SupportedApi:132 - Cannot load RTOS API schema: s4s-elt-must-match.1: The content of 'definitions' must match (annotation?, (simpleType | complexType)?, (unique | key | keyref)*)). A problem was found starting at: attribute.
2024-08-27 07:42:17,583 [INFO] PluginManage:359 - Loaded plugin pinoutconfig (category:base,tabindex:0)
2024-08-27 07:42:17,584 [INFO] PluginManage:310 - Check plugin power
2024-08-27 07:42:17,601 [INFO] PluginManage:359 - Loaded plugin power (category:power,tabindex:4)
2024-08-27 07:42:17,602 [INFO] PluginManage:310 - Check plugin projectmanager
2024-08-27 07:42:17,641 [INFO] PluginManage:359 - Loaded plugin projectmanager (category:projectmanager,tabindex:3)
2024-08-27 07:42:17,643 [INFO] PluginManage:310 - Check plugin thirdparty
2024-08-27 07:42:17,915 [INFO] PluginManage:359 - Loaded plugin thirdparty (category:base,tabindex:-1)
2024-08-27 07:42:17,915 [WARN] IntegrityCheckThread:84 - waiting for thirdparty lock release [integrity check]
2024-08-27 07:42:17,915 [INFO] IntegrityCheckThread:86 - entering critical section [integrity check]
2024-08-27 07:42:17,916 [INFO] ThirdPartyUpdaterWithRetryManager:70 - Updater plugin not ready yet. [1/15]
2024-08-27 07:42:17,915 [INFO] PluginManage:310 - Check plugin tools
2024-08-27 07:42:17,920 [INFO] PluginManage:359 - Loaded plugin tools (category:base,tabindex:7)
2024-08-27 07:42:17,921 [INFO] PluginManage:310 - Check plugin tutovideos
2024-08-27 07:42:18,188 [INFO] PluginManage:359 - Loaded plugin tutovideos (category:base,tabindex:-1)
2024-08-27 07:42:18,188 [INFO] PluginManage:310 - Check plugin updater
2024-08-27 07:42:18,205 [INFO] PluginManage:359 - Loaded plugin updater (category:base,tabindex:12)
2024-08-27 07:42:18,205 [INFO] PluginManage:310 - Check plugin userauth
2024-08-27 07:42:18,214 [INFO] UserAuth:113 - Init User Auth plugin
2024-08-27 07:42:18,215 [INFO] PluginManage:359 - Loaded plugin userauth (category:base,tabindex:14)
2024-08-27 07:42:18,216 [INFO] PluginManage:283 - PluginManage : Loaded plugins [17]
2024-08-27 07:42:18,598 [INFO] PinOutPanel:1499 - setPackage(No Configuration,No Configuration)
2024-08-27 07:42:18,874 [INFO] CADModel:165 - CPN selected for project level
2024-08-27 07:42:18,874 [INFO] CADModel:114 - Register for checkConnection events
2024-08-27 07:42:18,901 [INFO] IPUIPlugin:80 - create IPUIPlugin
2024-08-27 07:42:18,901 [INFO] PluginManager:220 - loadIPPluginJar : add adc
2024-08-27 07:42:18,905 [INFO] IPUIPlugin:80 - create IPUIPlugin
2024-08-27 07:42:18,905 [INFO] PluginManager:220 - loadIPPluginJar : add aes
2024-08-27 07:42:18,911 [INFO] IPUIPlugin:80 - create IPUIPlugin
2024-08-27 07:42:18,911 [INFO] PluginManager:220 - loadIPPluginJar : add can
2024-08-27 07:42:18,913 [INFO] IPUIPlugin:80 - create IPUIPlugin
2024-08-27 07:42:18,914 [INFO] PluginManager:220 - loadIPPluginJar : add comp
2024-08-27 07:42:18,917 [INFO] IPUIPlugin:80 - create IPUIPlugin
2024-08-27 07:42:18,917 [INFO] PluginManager:220 - loadIPPluginJar : add cryp
2024-08-27 07:42:18,921 [INFO] IPUIPlugin:80 - create IPUIPlugin
2024-08-27 07:42:18,921 [INFO] PluginManager:220 - loadIPPluginJar : add dfsdm
2024-08-27 07:42:18,930 [INFO] IPUIPlugin:80 - create IPUIPlugin
2024-08-27 07:42:18,931 [INFO] PluginManager:220 - loadIPPluginJar : add dma
2024-08-27 07:42:18,934 [INFO] IPUIPlugin:80 - create IPUIPlugin
2024-08-27 07:42:18,935 [INFO] PluginManager:220 - loadIPPluginJar : add dma3
2024-08-27 07:42:18,937 [INFO] IPUIPlugin:80 - create IPUIPlugin
2024-08-27 07:42:18,937 [INFO] PluginManager:220 - loadIPPluginJar : add fatfs
2024-08-27 07:42:18,944 [INFO] IPUIPlugin:80 - create IPUIPlugin
2024-08-27 07:42:18,945 [INFO] PluginManager:220 - loadIPPluginJar : add fmc
2024-08-27 07:42:18,951 [INFO] IPUIPlugin:80 - create IPUIPlugin
2024-08-27 07:42:18,951 [INFO] PluginManager:220 - loadIPPluginJar : add freertos
2024-08-27 07:42:18,954 [INFO] IPUIPlugin:80 - create IPUIPlugin
2024-08-27 07:42:18,954 [INFO] PluginManager:220 - loadIPPluginJar : add genericplugin
2024-08-27 07:42:18,958 [INFO] IPUIPlugin:80 - create IPUIPlugin
2024-08-27 07:42:18,958 [INFO] PluginManager:220 - loadIPPluginJar : add gfxmmu
2024-08-27 07:42:18,965 [INFO] IPUIPlugin:80 - create IPUIPlugin
2024-08-27 07:42:18,965 [INFO] PluginManager:220 - loadIPPluginJar : add gic
2024-08-27 07:42:19,021 [INFO] IPUIPlugin:80 - create IPUIPlugin
2024-08-27 07:42:19,022 [INFO] PluginManager:220 - loadIPPluginJar : add gpio
2024-08-27 07:42:19,029 [INFO] IPUIPlugin:80 - create IPUIPlugin
2024-08-27 07:42:19,030 [INFO] PluginManager:220 - loadIPPluginJar : add gtzc
2024-08-27 07:42:19,035 [INFO] IPUIPlugin:80 - create IPUIPlugin
2024-08-27 07:42:19,035 [INFO] PluginManager:220 - loadIPPluginJar : add hash
2024-08-27 07:42:19,040 [INFO] IPUIPlugin:80 - create IPUIPlugin
2024-08-27 07:42:19,041 [INFO] PluginManager:220 - loadIPPluginJar : add i2c
2024-08-27 07:42:19,046 [INFO] IPUIPlugin:80 - create IPUIPlugin
2024-08-27 07:42:19,046 [INFO] PluginManager:220 - loadIPPluginJar : add i2s
2024-08-27 07:42:19,050 [INFO] IPUIPlugin:80 - create IPUIPlugin
2024-08-27 07:42:19,051 [INFO] PluginManager:220 - loadIPPluginJar : add i3c
2024-08-27 07:42:19,055 [INFO] IPUIPlugin:80 - create IPUIPlugin
2024-08-27 07:42:19,055 [INFO] PluginManager:220 - loadIPPluginJar : add ipddr
2024-08-27 07:42:19,067 [INFO] IPUIPlugin:80 - create IPUIPlugin
2024-08-27 07:42:19,067 [INFO] PluginManager:220 - loadIPPluginJar : add linkedlist
2024-08-27 07:42:19,072 [INFO] IPUIPlugin:80 - create IPUIPlugin
2024-08-27 07:42:19,072 [INFO] PluginManager:220 - loadIPPluginJar : add lorawan
2024-08-27 07:42:19,075 [INFO] IPUIPlugin:80 - create IPUIPlugin
2024-08-27 07:42:19,076 [INFO] PluginManager:220 - loadIPPluginJar : add ltdc
2024-08-27 07:42:19,084 [INFO] IPUIPlugin:80 - create IPUIPlugin
2024-08-27 07:42:19,085 [INFO] PluginManager:220 - loadIPPluginJar : add mdma
2024-08-27 07:42:19,091 [INFO] IPUIPlugin:80 - create IPUIPlugin
2024-08-27 07:42:19,092 [INFO] PluginManager:220 - loadIPPluginJar : add nvic
2024-08-27 07:42:19,097 [INFO] IPUIPlugin:80 - create IPUIPlugin
2024-08-27 07:42:19,098 [INFO] PluginManager:220 - loadIPPluginJar : add opamp
2024-08-27 07:42:19,102 [INFO] IPUIPlugin:80 - create IPUIPlugin
2024-08-27 07:42:19,102 [INFO] PluginManager:220 - loadIPPluginJar : add openamp
2024-08-27 07:42:19,112 [INFO] IPUIPlugin:80 - create IPUIPlugin
2024-08-27 07:42:19,112 [INFO] PluginManager:220 - loadIPPluginJar : add pdm2pcm
2024-08-27 07:42:19,122 [INFO] IPUIPlugin:80 - create IPUIPlugin
2024-08-27 07:42:19,127 [INFO] PluginManager:220 - loadIPPluginJar : add plateformsettings
2024-08-27 07:42:19,131 [INFO] IPUIPlugin:80 - create IPUIPlugin
2024-08-27 07:42:19,131 [INFO] PluginManager:220 - loadIPPluginJar : add quadspi
2024-08-27 07:42:19,137 [INFO] IPUIPlugin:80 - create IPUIPlugin
2024-08-27 07:42:19,138 [INFO] PluginManager:220 - loadIPPluginJar : add resmgrutility
2024-08-27 07:42:19,149 [INFO] IPUIPlugin:80 - create IPUIPlugin
2024-08-27 07:42:19,149 [INFO] PluginManager:220 - loadIPPluginJar : add sai
2024-08-27 07:42:19,154 [INFO] IPUIPlugin:80 - create IPUIPlugin
2024-08-27 07:42:19,154 [INFO] PluginManager:220 - loadIPPluginJar : add spi
2024-08-27 07:42:19,165 [INFO] IPUIPlugin:80 - create IPUIPlugin
2024-08-27 07:42:19,165 [INFO] PluginManager:220 - loadIPPluginJar : add stm32_wpan
2024-08-27 07:42:19,168 [INFO] IPUIPlugin:80 - create IPUIPlugin
2024-08-27 07:42:19,168 [INFO] PluginManager:220 - loadIPPluginJar : add tim
2024-08-27 07:42:19,179 [INFO] IPUIPlugin:80 - create IPUIPlugin
2024-08-27 07:42:19,179 [INFO] PluginManager:220 - loadIPPluginJar : add touchsensing
2024-08-27 07:42:19,182 [INFO] IPUIPlugin:80 - create IPUIPlugin
2024-08-27 07:42:19,183 [INFO] PluginManager:220 - loadIPPluginJar : add tracer_emb
2024-08-27 07:42:19,186 [INFO] IPUIPlugin:80 - create IPUIPlugin
2024-08-27 07:42:19,186 [INFO] PluginManager:220 - loadIPPluginJar : add ts
2024-08-27 07:42:19,189 [INFO] IPUIPlugin:80 - create IPUIPlugin
2024-08-27 07:42:19,189 [INFO] PluginManager:220 - loadIPPluginJar : add tsc
2024-08-27 07:42:19,196 [INFO] IPUIPlugin:80 - create IPUIPlugin
2024-08-27 07:42:19,197 [INFO] PluginManager:220 - loadIPPluginJar : add ucpd
2024-08-27 07:42:19,202 [INFO] IPUIPlugin:80 - create IPUIPlugin
2024-08-27 07:42:19,202 [INFO] PluginManager:220 - loadIPPluginJar : add usart
2024-08-27 07:42:19,212 [INFO] IPUIPlugin:80 - create IPUIPlugin
2024-08-27 07:42:19,213 [INFO] PluginManager:220 - loadIPPluginJar : add usbx
2024-08-27 07:42:19,414 [INFO] CADModel:165 - CPN selected for project level
2024-08-27 07:42:19,414 [INFO] CADModel:114 - Register for checkConnection events
2024-08-27 07:42:19,415 [FATAL] Updater:308 - Updater called before beeing initialized
2024-08-27 07:42:19,415 [ERROR] CADModel:125 - Updater not yet initialized, retry later 
2024-08-27 07:42:19,663 [INFO] CADModel:165 - CPN selected for project level
2024-08-27 07:42:19,663 [INFO] CADModel:114 - Register for checkConnection events
2024-08-27 07:42:19,664 [FATAL] Updater:308 - Updater called before beeing initialized
2024-08-27 07:42:19,664 [ERROR] CADModel:125 - Updater not yet initialized, retry later 
2024-08-27 07:42:19,669 [FATAL] Updater:308 - Updater called before beeing initialized
2024-08-27 07:42:19,932 [FATAL] Updater:308 - Updater called before beeing initialized
2024-08-27 07:42:19,947 [INFO] DbMcusAds:53 - JSON generation date=Tue Mar 07 10:50:55 WAT 2023 (1678179055114)
2024-08-27 07:42:19,947 [FATAL] Updater:308 - Updater called before beeing initialized
2024-08-27 07:42:20,016 [WARN] DetailPanel:346 - Failed to get advertising image, set to default
2024-08-27 07:42:20,185 [FATAL] Updater:308 - Updater called before beeing initialized
2024-08-27 07:42:20,188 [FATAL] Updater:308 - Updater called before beeing initialized
2024-08-27 07:42:20,188 [FATAL] Updater:308 - Updater called before beeing initialized
2024-08-27 07:42:20,188 [WARN] DetailPanel:346 - Failed to get advertising image, set to default
2024-08-27 07:42:20,191 [FATAL] Updater:308 - Updater called before beeing initialized
2024-08-27 07:42:20,322 [ERROR] Updater:1120 - MainUpdater not yet initialized. External WinMGr cannot be set.
2024-08-27 07:42:20,327 [INFO] Updater:1056 - Updater Version found : 6.9.2
2024-08-27 07:42:20,366 [INFO] ApplicationProperties:184 - Using Application install path: C:\ST\STM32CubeIDE_1.13.2\STM32CubeIDE\plugins\com.st.stm32cube.common.mx_6.9.2.202309101412
2024-08-27 07:42:20,622 [INFO] MainUpdater:2868 - connection check result : 10
2024-08-27 07:42:20,625 [INFO] MainUpdater:285 - Updater Check For Update Now.
2024-08-27 07:42:20,626 [INFO] MicroXplorer:498 - Change Database Version : DB.6.0.92
2024-08-27 07:42:20,636 [INFO] McuFinderGlobals:63 - Set McuFinder mode to 2 (CubeIDE integrated)
2024-08-27 07:42:20,636 [INFO] UserAuth:179 - activating auth plugin
2024-08-27 07:42:20,671 [INFO] UserAuth:393 - Internet connection configuration mode: 1
2024-08-27 07:42:20,701 [INFO] JxBrowserEngine:151 - Initiate JxBrowser Engine with user profile folder
2024-08-27 07:42:20,918 [WARN] MainUpdater:1189 - Updater busy. Cannot search thirdparties
2024-08-27 07:42:20,919 [INFO] ThirdPartyUpdaterWithRetryManager:96 - Updater plugin is busy. [1/15]
2024-08-27 07:42:20,971 [INFO] CheckServerUpdateThread:120 - End of CheckServer Thread
2024-08-27 07:42:21,906 [INFO] WebApp:157 - Instantiating new browser for Auth
2024-08-27 07:42:23,498 [INFO] WebApp:753 - Register for checkConnection events
2024-08-27 07:42:23,499 [INFO] WebApp:390 - Apply proxy settings
2024-08-27 07:42:23,499 [INFO] WebApp:475 - Chromium requires no authentication
2024-08-27 07:42:23,512 [INFO] WebApp:418 - Direct internet connection detected
2024-08-27 07:42:23,843 [INFO] WebApp:188 - Starting web application
2024-08-27 07:42:23,843 [INFO] WebApp:520 - Web application path used C:\ST\STM32CubeIDE_1.13.2\STM32CubeIDE\plugins\com.st.stm32cube.common.mx_6.9.2.202309101412\db\plugins\mcufinder\reactClient1\index.html
2024-08-27 07:42:24,589 [WARN] PackLoader:240 - Cannot read IP mode file for STMicroelectronics.FP-SNS-MOTENVWB1.1.4.0
2024-08-27 07:42:24,616 [WARN] PackLoader:240 - Cannot read IP mode file for STMicroelectronics.X-CUBE-SMBUS.2.1.0
2024-08-27 07:42:24,627 [WARN] PackLoader:240 - Cannot read IP mode file for STMicroelectronics.X-CUBE-TOUCHGFX.4.23.2
2024-08-27 07:42:24,704 [WARN] PackLoader:240 - Cannot read IP mode file for STMicroelectronics.X-CUBE-AZRTOS-F7.1.1.0
2024-08-27 07:42:24,744 [WARN] PackLoader:240 - Cannot read IP mode file for STMicroelectronics.FP-SNS-MOTENV1.4.3.2
2024-08-27 07:42:24,979 [WARN] PackLoader:240 - Cannot read IP mode file for STMicroelectronics.X-CUBE-MEMS1.11.0.0
2024-08-27 07:42:25,417 [WARN] PackLoader:240 - Cannot read IP mode file for STMicroelectronics.FP-SNS-FLIGHT1.5.0.2
2024-08-27 07:42:25,433 [WARN] PackLoader:240 - Cannot read IP mode file for STMicroelectronics.X-CUBE-DISPLAY.3.0.0
2024-08-27 07:42:25,451 [WARN] PackLoader:240 - Cannot read IP mode file for STMicroelectronics.X-CUBE-BLE1.7.0.0
2024-08-27 07:42:25,461 [WARN] PackLoader:240 - Cannot read IP mode file for emotas.I-CUBE-CANOPEN.1.3.0
2024-08-27 07:42:25,468 [WARN] PackLoader:240 - Cannot read IP mode file for STMicroelectronics.X-CUBE-TOUCHGFX.4.22.1
2024-08-27 07:42:25,507 [WARN] PackLoader:240 - Cannot read IP mode file for STMicroelectronics.X-CUBE-BLEMGR.3.1.0
2024-08-27 07:42:25,520 [WARN] PackLoader:240 - Cannot read IP mode file for STMicroelectronics.FP-SNS-SMARTAG2.1.2.0
2024-08-27 07:42:25,539 [INFO] LogOutputStream:77 - [STDOUT_REDIRECT] 1 : Invalid condition id : UX_CORESTACK_Condition cause : null
2024-08-27 07:42:25,541 [INFO] LogOutputStream:77 - [STDOUT_REDIRECT] 1 : Invalid condition id : UX_CORESTACK_Condition cause : null
2024-08-27 07:42:25,543 [INFO] LogOutputStream:77 - [STDOUT_REDIRECT] 1 : Invalid condition id : UX_CORESTACK_Condition cause : null
2024-08-27 07:42:25,546 [INFO] LogOutputStream:77 - [STDOUT_REDIRECT] 1 : Invalid condition id : UX_CORESTACK_Condition cause : null
2024-08-27 07:42:25,548 [INFO] LogOutputStream:77 - [STDOUT_REDIRECT] 1 : Invalid condition id : UX_CORESTACK_Condition cause : null
2024-08-27 07:42:25,559 [WARN] PackLoader:240 - Cannot read IP mode file for STMicroelectronics.X-CUBE-AZRTOS-WL.2.0.0
2024-08-27 07:42:25,570 [WARN] PackLoader:240 - Cannot read IP mode file for STMicroelectronics.FP-SNS-MOTENV1.5.0.0
2024-08-27 07:42:25,583 [WARN] PackLoader:240 - Cannot read IP mode file for wolfSSL.I-CUBE-wolfMQTT.1.19.0
2024-08-27 07:42:25,597 [WARN] PackLoader:240 - Cannot read IP mode file for WES.I-CUBE-Cesium.1.3.0
2024-08-27 07:42:25,613 [WARN] PackLoader:240 - Cannot read IP mode file for STMicroelectronics.X-CUBE-BLE2.3.3.0
2024-08-27 07:42:25,630 [WARN] PackLoader:240 - Cannot read IP mode file for STMicroelectronics.X-CUBE-TCPP.4.1.0
2024-08-27 07:42:25,643 [WARN] PackLoader:240 - Cannot read IP mode file for STMicroelectronics.X-CUBE-ALGOBUILD.1.3.0
2024-08-27 07:42:25,681 [WARN] PackLoader:240 - Cannot read IP mode file for STMicroelectronics.X-CUBE-AZRTOS-G0.1.1.0
2024-08-27 07:42:25,697 [WARN] PackLoader:240 - Cannot read IP mode file for STMicroelectronics.X-CUBE-SAFEA1.1.2.2
2024-08-27 07:42:25,710 [WARN] PackLoader:240 - Cannot read IP mode file for STMicroelectronics.X-CUBE-NFC4.3.0.0
2024-08-27 07:42:25,728 [ERROR] Engine:466 - C:\Users\ignor\.stm32cubemx\thirdparties\pdsc\EmbeddedOffice.I-CUBE-FS-RTOS.1.0.1.pdsc: PDSC version is not supported
2024-08-27 07:42:25,732 [ERROR] Engine:466 - C:\Users\ignor\.stm32cubemx\thirdparties\pdsc\RealThread.X-CUBE-RT-Thread_Nano.4.1.1.pdsc: PDSC version is not supported
2024-08-27 07:42:25,739 [WARN] PackLoader:240 - Cannot read IP mode file for STMicroelectronics.FP-ATR-SIGFOX1.3.2.0
2024-08-27 07:42:25,752 [WARN] PackLoader:240 - Cannot read IP mode file for STMicroelectronics.X-CUBE-EEPRMA1.5.1.0
2024-08-27 07:42:25,869 [WARN] PackLoader:240 - Cannot read IP mode file for SEGGER.I-CUBE-embOS.1.3.1
2024-08-27 07:42:26,013 [WARN] PackLoader:240 - Cannot read IP mode file for STMicroelectronics.X-CUBE-ALGOBUILD.1.4.0
2024-08-27 07:42:26,054 [WARN] PackLoader:240 - Cannot read IP mode file for STMicroelectronics.X-CUBE-GNSS1.6.0.0
2024-08-27 07:42:26,230 [WARN] PackLoader:240 - Cannot read IP mode file for STMicroelectronics.X-CUBE-AZRTOS-F4.1.1.0
2024-08-27 07:42:26,242 [WARN] PackLoader:240 - Cannot read IP mode file for wolfSSL.I-CUBE-wolfSSL.5.6.3
2024-08-27 07:42:26,251 [WARN] PackLoader:240 - Cannot read IP mode file for STMicroelectronics.X-CUBE-FREERTOS.1.2.0
2024-08-27 07:42:26,300 [WARN] PackLoader:240 - Cannot read IP mode file for STMicroelectronics.X-CUBE-AZRTOS-L5.2.0.0
2024-08-27 07:42:26,407 [WARN] PackLoader:240 - Cannot read IP mode file for STMicroelectronics.X-CUBE-MEMS1.9.6.0
2024-08-27 07:42:26,834 [WARN] PackLoader:240 - Cannot read IP mode file for STMicroelectronics.X-CUBE-NFC6.3.1.0
2024-08-27 07:42:26,848 [WARN] PackLoader:240 - Cannot read IP mode file for ITTIA_DB.I-CUBE-ITTIADB.8.8.0
2024-08-27 07:42:26,865 [WARN] PackLoader:240 - Cannot read IP mode file for STMicroelectronics.X-CUBE-BLEMGR.2.0.0
2024-08-27 07:42:26,873 [ERROR] Engine:466 - C:\Users\ignor\.stm32cubemx\thirdparties\pdsc\STMicroelectronics.X-CUBE-DPower.1.2.0.pdsc: PDSC version is not supported
2024-08-27 07:42:26,880 [WARN] PackLoader:240 - Cannot read IP mode file for STMicroelectronics.X-CUBE-AI.9.0.0
2024-08-27 07:42:26,938 [WARN] ConditionMgr:438 - getConditionDescription Invalid condition id : UX DEVICE CLASS RTOS Condition cause : null
2024-08-27 07:42:26,939 [WARN] ConditionMgr:438 - getConditionDescription Invalid condition id : UX DEVICE CLASS RTOS Condition cause : null
2024-08-27 07:42:26,949 [WARN] PackLoader:240 - Cannot read IP mode file for STMicroelectronics.X-CUBE-AZRTOS-H7.3.1.0
2024-08-27 07:42:26,951 [WARN] ConditionMgr:1039 - genDependencies : Invalid condition id : UX DEVICE CLASS RTOS Condition cause : null
2024-08-27 07:42:26,952 [WARN] ConditionMgr:1039 - genDependencies : Invalid condition id : UX DEVICE CLASS RTOS Condition cause : null
2024-08-27 07:42:26,955 [WARN] ConditionMgr:1039 - genDependencies : Invalid condition id : UX DEVICE CLASS RTOS Condition cause : null
2024-08-27 07:42:26,957 [WARN] ConditionMgr:1039 - genDependencies : Invalid condition id : UX DEVICE CLASS RTOS Condition cause : null
2024-08-27 07:42:26,957 [WARN] ConditionMgr:1039 - genDependencies : Invalid condition id : UX DEVICE CLASS RTOS Condition cause : null
2024-08-27 07:42:26,972 [WARN] PackLoader:240 - Cannot read IP mode file for STMicroelectronics.X-CUBE-NFC7.1.0.1
2024-08-27 07:42:26,982 [WARN] PackLoader:240 - Cannot read IP mode file for wolfSSL.I-CUBE-wolfTPM.3.2.0
2024-08-27 07:42:26,995 [WARN] PackLoader:240 - Cannot read IP mode file for STMicroelectronics.X-CUBE-NFC6.3.0.0
2024-08-27 07:42:27,011 [WARN] PackLoader:240 - Cannot read IP mode file for STMicroelectronics.X-CUBE-EEPRMA1.4.1.0
2024-08-27 07:42:27,019 [WARN] PackLoader:240 - Cannot read IP mode file for STMicroelectronics.X-CUBE-AI.8.1.0
2024-08-27 07:42:27,065 [WARN] ConditionMgr:438 - getConditionDescription Invalid condition id : LAN8742 Phy interface Condition cause : null
2024-08-27 07:42:27,087 [WARN] PackLoader:240 - Cannot read IP mode file for STMicroelectronics.X-CUBE-AZRTOS-L4.2.0.0
2024-08-27 07:42:27,091 [WARN] ConditionMgr:1039 - genDependencies : Invalid condition id : LAN8742 Phy interface Condition cause : null
2024-08-27 07:42:27,091 [WARN] ConditionMgr:1039 - genDependencies : Invalid condition id : LAN8742 Phy interface Condition cause : null
2024-08-27 07:42:27,093 [WARN] ConditionMgr:1039 - genDependencies : Invalid condition id : LAN8742 Phy interface Condition cause : null
2024-08-27 07:42:27,111 [WARN] PackLoader:240 - Cannot read IP mode file for STMicroelectronics.X-CUBE-SFXS2LP1.4.0.0
2024-08-27 07:42:27,122 [WARN] PackLoader:240 - Cannot read IP mode file for STMicroelectronics.X-CUBE-ISPU.1.1.0
2024-08-27 07:42:27,180 [WARN] PackLoader:240 - Cannot read IP mode file for STMicroelectronics.X-CUBE-AZRTOS-H7.3.3.0
2024-08-27 07:42:27,216 [WARN] ConditionMgr:438 - getConditionDescription Invalid condition id : UX DEVICE CLASS RTOS Condition cause : null
2024-08-27 07:42:27,216 [WARN] ConditionMgr:438 - getConditionDescription Invalid condition id : UX DEVICE CLASS RTOS Condition cause : null
2024-08-27 07:42:27,219 [WARN] PackLoader:240 - Cannot read IP mode file for STMicroelectronics.X-CUBE-AZRTOS-WB.2.0.0
2024-08-27 07:42:27,220 [WARN] ConditionMgr:1039 - genDependencies : Invalid condition id : UX DEVICE CLASS RTOS Condition cause : null
2024-08-27 07:42:27,221 [WARN] ConditionMgr:1039 - genDependencies : Invalid condition id : UX DEVICE CLASS RTOS Condition cause : null
2024-08-27 07:42:27,222 [WARN] ConditionMgr:1039 - genDependencies : Invalid condition id : UX DEVICE CLASS RTOS Condition cause : null
2024-08-27 07:42:27,225 [WARN] ConditionMgr:1039 - genDependencies : Invalid condition id : UX DEVICE CLASS RTOS Condition cause : null
2024-08-27 07:42:27,226 [WARN] ConditionMgr:1039 - genDependencies : Invalid condition id : UX DEVICE CLASS RTOS Condition cause : null
2024-08-27 07:42:27,234 [ERROR] Engine:466 - C:\Users\ignor\.stm32cubemx\thirdparties\pdsc\STMicroelectronics.FP-SNS-STBOX1.2.0.0.pdsc: PDSC version is not supported
2024-08-27 07:42:27,252 [WARN] PackLoader:240 - Cannot read IP mode file for STMicroelectronics.X-CUBE-SUBG2.5.0.0
2024-08-27 07:42:27,280 [WARN] PackLoader:240 - Cannot read IP mode file for STMicroelectronics.X-CUBE-TOF1.3.3.1
2024-08-27 07:42:27,320 [WARN] PackLoader:240 - Cannot read IP mode file for STMicroelectronics.X-CUBE-AZRTOS-G4.2.0.0
2024-08-27 07:42:27,330 [WARN] PackLoader:240 - Cannot read IP mode file for STMicroelectronics.X-CUBE-ISPU.2.0.0
2024-08-27 07:42:27,338 [WARN] PackLoader:240 - Cannot read IP mode file for STMicroelectronics.X-CUBE-ALS.1.0.2
2024-08-27 07:42:27,415 [WARN] PackLoader:240 - Cannot read IP mode file for STMicroelectronics.X-CUBE-MEMS1.10.0.0
2024-08-27 07:42:27,663 [WARN] PackLoader:240 - Cannot read IP mode file for STMicroelectronics.X-CUBE-FREERTOS.1.1.0
2024-08-27 07:42:27,669 [WARN] PackLoader:240 - Cannot read IP mode file for STMicroelectronics.X-CUBE-TOUCHGFX.4.24.0
2024-08-27 07:42:27,678 [WARN] PackLoader:240 - Cannot read IP mode file for portGmbH.I-Cube-SoM-uGOAL.1.1.0
2024-08-27 07:42:27,685 [WARN] PackLoader:240 - Cannot read IP mode file for STMicroelectronics.X-CUBE-ALS.1.0.1
2024-08-27 07:42:27,715 [WARN] PackLoader:240 - Cannot read IP mode file for STMicroelectronics.X-CUBE-AZRTOS-H7RS.1.0.0
2024-08-27 07:42:27,727 [WARN] PackLoader:240 - Cannot read IP mode file for STMicroelectronics.FP-ATR-ASTRA1.2.0.0
2024-08-27 07:42:27,736 [ERROR] Engine:466 - C:\Users\ignor\.stm32cubemx\thirdparties\pdsc\STMicroelectronics.X-CUBE-TOF1.3.4.2.pdsc: PDSC version is not supported
2024-08-27 07:42:27,757 [WARN] PackLoader:240 - Cannot read IP mode file for STMicroelectronics.X-CUBE-TOF1.3.4.1
2024-08-27 07:42:27,817 [WARN] PackLoader:240 - Cannot read IP mode file for STMicroelectronics.X-CUBE-AZRTOS-H7.3.2.0
2024-08-27 07:42:27,849 [WARN] PackLoader:240 - Cannot read IP mode file for Infineon.AIROC-Wi-Fi-Bluetooth-STM32.1.6.0
2024-08-27 07:42:27,873 [WARN] PackLoader:240 - Cannot read IP mode file for wolfSSL.I-CUBE-wolfSSH.1.4.17
2024-08-27 07:42:27,875 [INFO] ThirdParty:978 - Integrity check success = true
2024-08-27 07:42:27,875 [INFO] IntegrityCheckThread:100 - exiting critical section [integrity check]
2024-08-27 07:42:27,876 [INFO] IntegrityCheckThread:103 - End integrity checks thread
2024-08-27 07:42:45,519 [ERROR] LogOutputStream:75 - [STDERR_REDIRECT] SLF4J: Failed to load class "org.slf4j.impl.StaticLoggerBinder".
2024-08-27 07:42:45,520 [ERROR] LogOutputStream:75 - [STDERR_REDIRECT] SLF4J: Defaulting to no-operation (NOP) logger implementation
2024-08-27 07:42:45,524 [ERROR] LogOutputStream:75 - [STDERR_REDIRECT] SLF4J: See http://www.slf4j.org/codes.html#StaticLoggerBinder for further details.
2024-08-27 07:44:27,533 [INFO] McuFinderGlobals:63 - Set McuFinder mode to 2 (CubeIDE integrated)
2024-08-27 07:44:27,594 [INFO] MainUpdater:2868 - connection check result : 10
2024-08-27 07:44:27,657 [INFO] McuFinderGlobals:76 - Set McuFinderConnectedMode to true
2024-08-27 07:44:28,665 [INFO] ServerAccessManage:473 - Download File mcusAds.json._tmp_
2024-08-27 07:44:28,782 [INFO] LoadUrlFilesThread:156 - End of LoadUrlFiles Thread
2024-08-27 07:44:28,905 [INFO] ServerAccessManage:473 - Download File cube-finder-db.zip
2024-08-27 07:44:34,025 [INFO] FileExtend:240 - Unzip File : cube-finder-db.zip
2024-08-27 07:44:34,026 [INFO] FileExtend:255 - Standard Zip Deflate
2024-08-27 07:44:35,421 [INFO] LoadUrlFilesThread:156 - End of LoadUrlFiles Thread
2024-08-27 07:44:36,675 [INFO] ServerAccessManage:473 - Download File crdb.zip
2024-08-27 07:44:37,846 [INFO] FileExtend:240 - Unzip File : crdb.zip
2024-08-27 07:44:37,847 [INFO] FileExtend:255 - Standard Zip Deflate
2024-08-27 07:44:37,993 [INFO] LoadUrlFilesThread:156 - End of LoadUrlFiles Thread
2024-08-27 07:44:38,152 [INFO] ServerAccessManage:473 - Download File tutoVideoDB.zip
2024-08-27 07:44:38,174 [INFO] FileExtend:240 - Unzip File : tutoVideoDB.zip
2024-08-27 07:44:38,175 [INFO] FileExtend:255 - Standard Zip Deflate
2024-08-27 07:44:38,310 [INFO] LoadUrlFilesThread:156 - End of LoadUrlFiles Thread
2024-08-27 07:44:38,314 [WARN] DbFile:41 - Overriding database path with different value: C:\Users\ignor\.stmcufinder\plugins\mcufinder/ => C:\Users\ignor\.stmcufinder\plugins\mcufinder
2024-08-27 07:44:39,119 [INFO] ServerAccessManage:473 - Download File api_config.json
2024-08-27 07:44:39,240 [INFO] LoadUrlFilesThread:156 - End of LoadUrlFiles Thread
2024-08-27 07:44:39,244 [INFO] DbMcusAds:53 - JSON generation date=Thu May 16 11:22:00 WAT 2024 (1715851320667)
2024-08-27 07:44:39,839 [INFO] ServerAccessManage:473 - Download File 
2024-08-27 07:44:40,168 [INFO] LoadUrlFilesThread:185 - End of LoadServerUrlFiles without Thread
2024-08-27 07:44:40,169 [INFO] TargetSelectorAdapter:259 - Refresh data is successful
2024-08-27 07:44:40,375 [INFO] ApiDb:581 - Connected to CubeFinder SQLite database (C:\Users\ignor\.stmcufinder\plugins\mcufinder\mcu\cube-finder-db.db)
2024-08-27 07:44:40,501 [INFO] ApiDb:668 - CubeFinder database Data Model version=2.1
2024-08-27 07:44:40,502 [INFO] ApiDb:669 - CubeFinder database Configuration version=3.0.39
2024-08-27 07:44:40,502 [INFO] ApiDb:670 - CubeFinder database generation date=2024-08-06 (1722941618)
2024-08-27 07:44:40,502 [INFO] ApiDb:671 - CubeFinder database FW Pack versions=[FP-ATR-ASTRA1_V2.0.0, FP-SNS-FLIGHT1_V5.0.2, FP-SNS-MOTENV1_V5.0.0, FP-SNS-MOTENVWB1_V1.4.0, FP-SNS-SMARTAG2_V1.2.0, FP-SNS-STBOX1_V2.0.0, STM32Cube_FW_C0_V1.2.0, STM32Cube_FW_F4_V1.28.0, STM32Cube_FW_F7_V1.17.2, STM32Cube_FW_G0_V1.6.2, STM32Cube_FW_G4_V1.6.0, STM32Cube_FW_H5_V1.3.0, STM32Cube_FW_H7RS_V1.1.0, STM32Cube_FW_H7_V1.11.2, STM32Cube_FW_L0_V1.12.2, STM32Cube_FW_L5_V1.5.1, STM32Cube_FW_U0_V1.1.0, STM32Cube_FW_U5_V1.6.0, STM32Cube_FW_WB0_V1.0.0, STM32Cube_FW_WBA_V1.4.1, STM32Cube_FW_WB_V1.20.0, STM32Cube_FW_WL_V1.3.0, X-CUBE-ALGOBUILD_V1.4.0, X-CUBE-ALS_V1.0.2, X-CUBE-AZRTOS-F4_V1.1.0, X-CUBE-AZRTOS-F7_V1.1.0, X-CUBE-AZRTOS-G0_V1.1.0, X-CUBE-AZRTOS-G4_V2.0.0, X-CUBE-AZRTOS-H7RS_V1.0.0, X-CUBE-AZRTOS-H7_V3.2.0, X-CUBE-AZRTOS-L4_V2.0.0, X-CUBE-AZRTOS-L5_V1.1.0, X-CUBE-AZRTOS-WB_V2.0.0, X-CUBE-AZRTOS-WL_V2.0.0, X-CUBE-BLE1_V7.0.0, X-CUBE-BLE2_V3.3.0, X-CUBE-BLEMGR_V3.1.0, X-CUBE-EEPRMA1_V5.1.0, X-CUBE-FREERTOS_V1.2.0, X-CUBE-GNSS1_V6.0.0, X-CUBE-MEMS1_V10.0.0, X-CUBE-NFC4_V3.0.0, X-CUBE-NFC7_V1.0.1, X-CUBE-SFXS2LP1_V4.0.0, X-CUBE-SUBG2_V5.0.0, X-CUBE-TOF1_V3.4.2]
2024-08-27 07:44:44,652 [INFO] ApiDb:240 - Found 323 in-development CPN: [B-G473E-ZEST1S, B-WB1M-WPAN1, B-WL5M-SUBG1, NUCLEO-C031C6, NUCLEO-H503RB, NUCLEO-H563ZI, NUCLEO-U545RE-Q, NUCLEO-U5A5ZJ-Q, NUCLEO-WBA52CG, STEVAL-PROTEUS1, STEVAL-SMARTAG2, STEVAL-STWINBX1, STM320518-EVAL, STM32C0116-DK, STM32C011D6Y3TR, STM32C011D6Y6TR, STM32C011F4P3, STM32C011F4P6, STM32C011F4U3, STM32C011F4U6TR, STM32C011F6P3, STM32C011F6P6, STM32C011F6U3, STM32C011F6U6TR, STM32C011J4M3, STM32C011J4M6, STM32C011J6M3, STM32C011J6M6, STM32C0316-DK, STM32C031C4T3, STM32C031C4T6, STM32C031C4U3, STM32C031C4U6, STM32C031C6T3, STM32C031C6T6, STM32C031C6U3, STM32C031C6U6, STM32C031F4P3, STM32C031F4P6, STM32C031F6P3, STM32C031F6P6, STM32C031G4U3, STM32C031G4U6, STM32C031G6U3, STM32C031G6U6, STM32C031K4T3, STM32C031K4T6, STM32C031K4U3, STM32C031K4U6, STM32C031K6T3, STM32C031K6T6, STM32C031K6U3, STM32C031K6U6, STM32G071K8TXN, STM32G071K8UXN, STM32G081GBU6N, STM32G081KBT6N, STM32G081KBUXN, STM32G0B1CCT6N, STM32G0B1KCT6, STM32G0B1NEY6TR, STM32G0B1RCT6N, STM32G0C1CCT6, STM32G0C1CCT6N, STM32G0C1CCU6N, STM32G0C1CET6N, STM32G0C1CEU6N, STM32G0C1KCT6, STM32G0C1NEY6TR, STM32G0C1RCI6N, STM32G0C1RCT6N, STM32G0C1REI6N, STM32G0C1RET6N, STM32G0C1VCI6, STM32G0C1VEI6, STM32G471CCT6, STM32G471CCU6, STM32G471CET3, STM32G471CET6, STM32G471CEU3, STM32G471CEU6, STM32G471MCT6, STM32G471MET3, STM32G471MET6, STM32G471MEY6TR, STM32G471QCT6, STM32G471QET3, STM32G471RCT6, STM32G471RET3, STM32G471RET6, STM32G471VCH6, STM32G471VCI6, STM32G471VCT6, STM32G471VEH3, STM32G471VEH6, STM32G471VEI3, STM32G471VEI6, STM32G471VET3, STM32G471VET6, STM32G474CCT6, STM32H503CBT6, STM32H503CBU6, STM32H503EBY6TR, STM32H503KBU6, STM32H503RBT6, STM32H562AGI6, STM32H562AII6, STM32H562IGK6, STM32H562IGT6, STM32H562IIK6, STM32H562IIT6, STM32H562RGT6, STM32H562RGV6, STM32H562RIT6, STM32H562RIV6, STM32H562VGT6, STM32H562VIT6, STM32H562ZGT6, STM32H562ZIT6, STM32H563AGI6, STM32H563AII3Q, STM32H563AII6, STM32H563IGK6, STM32H563IGT6, STM32H563IIK3Q, STM32H563IIK6, STM32H563IIT3Q, STM32H563IIT6, STM32H563MIY3QTR, STM32H563RGT6, STM32H563RGV6, STM32H563RIT6, STM32H563RIV6, STM32H563VGT6, STM32H563VIT3Q, STM32H563VIT6, STM32H563ZGT6, STM32H563ZIT3Q, STM32H563ZIT6, STM32H573AII3Q, STM32H573AII6, STM32H573I-DK, STM32H573IIK3Q, STM32H573IIK6, STM32H573IIT3Q, STM32H573IIT6, STM32H573MIY3QTR, STM32H573RIT6, STM32H573RIV6, STM32H573VIT3Q, STM32H573VIT6, STM32H573ZIT3Q, STM32H573ZIT6, STM32L4R5QGI6STR, STM32MP131AAE3, STM32MP131AAF3, STM32MP131AAG3, STM32MP131CAE3, STM32MP131CAF3, STM32MP131CAG3, STM32MP131DAE7, STM32MP131DAF7, STM32MP131DAG7, STM32MP131FAE7, STM32MP131FAF7, STM32MP131FAG7, STM32MP133AAE3, STM32MP133AAF3, STM32MP133AAG3, STM32MP133CAE3, STM32MP133CAF3, STM32MP133CAG3, STM32MP133DAE7, STM32MP133DAF7, STM32MP133DAG7, STM32MP133FAE7, STM32MP133FAF7, STM32MP133FAG7, STM32MP135AAE3, STM32MP135AAF3, STM32MP135AAG3, STM32MP135CAE3, STM32MP135CAF3, STM32MP135CAG3, STM32MP135DAE7, STM32MP135DAF7, STM32MP135DAG7, STM32MP135F-DK, STM32MP135FAE7, STM32MP135FAF7, STM32MP135FAF7T, STM32MP135FAF7U, STM32MP135FAG7, STM32U535CBT6, STM32U535CBT6Q, STM32U535CBU6, STM32U535CBU6Q, STM32U535CCT6, STM32U535CCT6Q, STM32U535CCU6, STM32U535CCU6Q, STM32U535CET6, STM32U535CET6Q, STM32U535CEU6, STM32U535CEU6Q, STM32U535JEY6QTR, STM32U535NCY6QTR, STM32U535NEY6QTR, STM32U535RBI6, STM32U535RBI6Q, STM32U535RBT6, STM32U535RBT6Q, STM32U535RCI6, STM32U535RCI6Q, STM32U535RCT6, STM32U535RCT6Q, STM32U535REI6, STM32U535REI6Q, STM32U535RET6, STM32U535RET6Q, STM32U535VCI6, STM32U535VCI6Q, STM32U535VCT6, STM32U535VCT6Q, STM32U535VEI6, STM32U535VEI6Q, STM32U535VET6, STM32U535VET6Q, STM32U545CET6, STM32U545CET6Q, STM32U545CEU6, STM32U545CEU6Q, STM32U545JEY6QTR, STM32U545NEY6QTR, STM32U545REI6, STM32U545REI6Q, STM32U545RET6, STM32U545RET6Q, STM32U545VEI6, STM32U545VEI6Q, STM32U545VET6, STM32U545VET6Q, STM32U595AIH6, STM32U595AIH6Q, STM32U595AJH6, STM32U595AJH6Q, STM32U595QII6, STM32U595QII6Q, STM32U595QJI6, STM32U595QJI6Q, STM32U595RIT6, STM32U595RIT6Q, STM32U595RJT6, STM32U595RJT6Q, STM32U595VIT6, STM32U595VIT6Q, STM32U595VJT6, STM32U595VJT6Q, STM32U595ZIT6, STM32U595ZIT6Q, STM32U595ZIY6QTR, STM32U595ZJT6, STM32U595ZJT6Q, STM32U595ZJY6QTR, STM32U599BJY6QTR, STM32U599NIH6Q, STM32U599NJH6Q, STM32U599VIT6Q, STM32U599VJT6, STM32U599VJT6Q, STM32U599ZIT6Q, STM32U599ZIY6QTR, STM32U599ZJT6Q, STM32U599ZJY6QTR, STM32U5A5AJH6, STM32U5A5AJH6Q, STM32U5A5QJI6, STM32U5A5QJI6Q, STM32U5A5RJT6, STM32U5A5RJT6Q, STM32U5A5VJT6, STM32U5A5VJT6Q, STM32U5A5ZJT6, STM32U5A5ZJT6Q, STM32U5A5ZJY6QTR, STM32U5A9BJY6QTR, STM32U5A9J-DK, STM32U5A9NJH6Q, STM32U5A9VJT6Q, STM32U5A9ZJT6Q, STM32U5A9ZJY6QTR, STM32U5F7VIT6, STM32U5F7VIT6Q, STM32U5F7VJT6, STM32U5F7VJT6Q, STM32U5F9BJY6QTR, STM32U5F9NJH6Q, STM32U5F9VIT6Q, STM32U5F9VJT6Q, STM32U5F9ZIJ6QTR, STM32U5F9ZIT6Q, STM32U5F9ZJJ6QTR, STM32U5F9ZJT6Q, STM32U5G7VJT6, STM32U5G7VJT6Q, STM32U5G9BJY6QTR, STM32U5G9J-DK1, STM32U5G9J-DK2, STM32U5G9NJH6Q, STM32U5G9VJT6Q, STM32U5G9ZJJ6QTR, STM32U5G9ZJT6Q, STM32WB1MMCH6, STM32WBA52CEU6, STM32WBA52CEU6T, STM32WBA52CGU6, STM32WBA52CGU6T, STM32WBA52KEU6, STM32WBA52KEU6T, STM32WBA52KGU6, STM32WBA52KGU6T, STM32WL5MOCH6, STM32WL5MOCH6TR]
2024-08-27 07:44:44,665 [INFO] DbMcus:217 - Found 4186 MCUs, 4186 are supported
2024-08-27 07:44:44,666 [INFO] ApiDb:423 - Load user favorites file C:\Users\ignor/.stm32cubeide/favorites.mcus.txt: 0 item(s)
2024-08-27 07:44:44,666 [INFO] ApiDb:427 - User favorites MCUs=[]
2024-08-27 07:44:44,667 [INFO] DbMcus:223 - Set 0 / 0 favorites MCUs
2024-08-27 07:44:45,528 [INFO] ApiDb:668 - CubeFinder database Data Model version=2.1
2024-08-27 07:44:45,528 [INFO] ApiDb:669 - CubeFinder database Configuration version=3.0.39
2024-08-27 07:44:45,528 [INFO] ApiDb:670 - CubeFinder database generation date=2024-08-06 (1722941618)
2024-08-27 07:44:45,528 [INFO] ApiDb:671 - CubeFinder database FW Pack versions=[FP-ATR-ASTRA1_V2.0.0, FP-SNS-FLIGHT1_V5.0.2, FP-SNS-MOTENV1_V5.0.0, FP-SNS-MOTENVWB1_V1.4.0, FP-SNS-SMARTAG2_V1.2.0, FP-SNS-STBOX1_V2.0.0, STM32Cube_FW_C0_V1.2.0, STM32Cube_FW_F4_V1.28.0, STM32Cube_FW_F7_V1.17.2, STM32Cube_FW_G0_V1.6.2, STM32Cube_FW_G4_V1.6.0, STM32Cube_FW_H5_V1.3.0, STM32Cube_FW_H7RS_V1.1.0, STM32Cube_FW_H7_V1.11.2, STM32Cube_FW_L0_V1.12.2, STM32Cube_FW_L5_V1.5.1, STM32Cube_FW_U0_V1.1.0, STM32Cube_FW_U5_V1.6.0, STM32Cube_FW_WB0_V1.0.0, STM32Cube_FW_WBA_V1.4.1, STM32Cube_FW_WB_V1.20.0, STM32Cube_FW_WL_V1.3.0, X-CUBE-ALGOBUILD_V1.4.0, X-CUBE-ALS_V1.0.2, X-CUBE-AZRTOS-F4_V1.1.0, X-CUBE-AZRTOS-F7_V1.1.0, X-CUBE-AZRTOS-G0_V1.1.0, X-CUBE-AZRTOS-G4_V2.0.0, X-CUBE-AZRTOS-H7RS_V1.0.0, X-CUBE-AZRTOS-H7_V3.2.0, X-CUBE-AZRTOS-L4_V2.0.0, X-CUBE-AZRTOS-L5_V1.1.0, X-CUBE-AZRTOS-WB_V2.0.0, X-CUBE-AZRTOS-WL_V2.0.0, X-CUBE-BLE1_V7.0.0, X-CUBE-BLE2_V3.3.0, X-CUBE-BLEMGR_V3.1.0, X-CUBE-EEPRMA1_V5.1.0, X-CUBE-FREERTOS_V1.2.0, X-CUBE-GNSS1_V6.0.0, X-CUBE-MEMS1_V10.0.0, X-CUBE-NFC4_V3.0.0, X-CUBE-NFC7_V1.0.1, X-CUBE-SFXS2LP1_V4.0.0, X-CUBE-SUBG2_V5.0.0, X-CUBE-TOF1_V3.4.2]
2024-08-27 07:44:45,616 [INFO] DbBoardsSqlite:226 - include board P-NUCLEO-WB55-NUCLEO as a kit item of type 'Nucleo-64'
2024-08-27 07:44:45,616 [INFO] DbBoardsSqlite:226 - include board P-NUCLEO-WB55-USBDONGLE as a kit item of type 'Nucleo USB Dongle'
2024-08-27 07:44:45,617 [INFO] DbBoardsSqlite:226 - include board STEVAL-IDP005V1 as a kit item of type 'Evaluation Board'
2024-08-27 07:44:45,617 [INFO] DbBoardsSqlite:226 - include board STEVAL-IDP005V2 as a kit item of type 'Evaluation Board'
2024-08-27 07:44:45,689 [INFO] ApiDb:240 - Found 323 in-development CPN: [B-G473E-ZEST1S, B-WB1M-WPAN1, B-WL5M-SUBG1, NUCLEO-C031C6, NUCLEO-H503RB, NUCLEO-H563ZI, NUCLEO-U545RE-Q, NUCLEO-U5A5ZJ-Q, NUCLEO-WBA52CG, STEVAL-PROTEUS1, STEVAL-SMARTAG2, STEVAL-STWINBX1, STM320518-EVAL, STM32C0116-DK, STM32C011D6Y3TR, STM32C011D6Y6TR, STM32C011F4P3, STM32C011F4P6, STM32C011F4U3, STM32C011F4U6TR, STM32C011F6P3, STM32C011F6P6, STM32C011F6U3, STM32C011F6U6TR, STM32C011J4M3, STM32C011J4M6, STM32C011J6M3, STM32C011J6M6, STM32C0316-DK, STM32C031C4T3, STM32C031C4T6, STM32C031C4U3, STM32C031C4U6, STM32C031C6T3, STM32C031C6T6, STM32C031C6U3, STM32C031C6U6, STM32C031F4P3, STM32C031F4P6, STM32C031F6P3, STM32C031F6P6, STM32C031G4U3, STM32C031G4U6, STM32C031G6U3, STM32C031G6U6, STM32C031K4T3, STM32C031K4T6, STM32C031K4U3, STM32C031K4U6, STM32C031K6T3, STM32C031K6T6, STM32C031K6U3, STM32C031K6U6, STM32G071K8TXN, STM32G071K8UXN, STM32G081GBU6N, STM32G081KBT6N, STM32G081KBUXN, STM32G0B1CCT6N, STM32G0B1KCT6, STM32G0B1NEY6TR, STM32G0B1RCT6N, STM32G0C1CCT6, STM32G0C1CCT6N, STM32G0C1CCU6N, STM32G0C1CET6N, STM32G0C1CEU6N, STM32G0C1KCT6, STM32G0C1NEY6TR, STM32G0C1RCI6N, STM32G0C1RCT6N, STM32G0C1REI6N, STM32G0C1RET6N, STM32G0C1VCI6, STM32G0C1VEI6, STM32G471CCT6, STM32G471CCU6, STM32G471CET3, STM32G471CET6, STM32G471CEU3, STM32G471CEU6, STM32G471MCT6, STM32G471MET3, STM32G471MET6, STM32G471MEY6TR, STM32G471QCT6, STM32G471QET3, STM32G471RCT6, STM32G471RET3, STM32G471RET6, STM32G471VCH6, STM32G471VCI6, STM32G471VCT6, STM32G471VEH3, STM32G471VEH6, STM32G471VEI3, STM32G471VEI6, STM32G471VET3, STM32G471VET6, STM32G474CCT6, STM32H503CBT6, STM32H503CBU6, STM32H503EBY6TR, STM32H503KBU6, STM32H503RBT6, STM32H562AGI6, STM32H562AII6, STM32H562IGK6, STM32H562IGT6, STM32H562IIK6, STM32H562IIT6, STM32H562RGT6, STM32H562RGV6, STM32H562RIT6, STM32H562RIV6, STM32H562VGT6, STM32H562VIT6, STM32H562ZGT6, STM32H562ZIT6, STM32H563AGI6, STM32H563AII3Q, STM32H563AII6, STM32H563IGK6, STM32H563IGT6, STM32H563IIK3Q, STM32H563IIK6, STM32H563IIT3Q, STM32H563IIT6, STM32H563MIY3QTR, STM32H563RGT6, STM32H563RGV6, STM32H563RIT6, STM32H563RIV6, STM32H563VGT6, STM32H563VIT3Q, STM32H563VIT6, STM32H563ZGT6, STM32H563ZIT3Q, STM32H563ZIT6, STM32H573AII3Q, STM32H573AII6, STM32H573I-DK, STM32H573IIK3Q, STM32H573IIK6, STM32H573IIT3Q, STM32H573IIT6, STM32H573MIY3QTR, STM32H573RIT6, STM32H573RIV6, STM32H573VIT3Q, STM32H573VIT6, STM32H573ZIT3Q, STM32H573ZIT6, STM32L4R5QGI6STR, STM32MP131AAE3, STM32MP131AAF3, STM32MP131AAG3, STM32MP131CAE3, STM32MP131CAF3, STM32MP131CAG3, STM32MP131DAE7, STM32MP131DAF7, STM32MP131DAG7, STM32MP131FAE7, STM32MP131FAF7, STM32MP131FAG7, STM32MP133AAE3, STM32MP133AAF3, STM32MP133AAG3, STM32MP133CAE3, STM32MP133CAF3, STM32MP133CAG3, STM32MP133DAE7, STM32MP133DAF7, STM32MP133DAG7, STM32MP133FAE7, STM32MP133FAF7, STM32MP133FAG7, STM32MP135AAE3, STM32MP135AAF3, STM32MP135AAG3, STM32MP135CAE3, STM32MP135CAF3, STM32MP135CAG3, STM32MP135DAE7, STM32MP135DAF7, STM32MP135DAG7, STM32MP135F-DK, STM32MP135FAE7, STM32MP135FAF7, STM32MP135FAF7T, STM32MP135FAF7U, STM32MP135FAG7, STM32U535CBT6, STM32U535CBT6Q, STM32U535CBU6, STM32U535CBU6Q, STM32U535CCT6, STM32U535CCT6Q, STM32U535CCU6, STM32U535CCU6Q, STM32U535CET6, STM32U535CET6Q, STM32U535CEU6, STM32U535CEU6Q, STM32U535JEY6QTR, STM32U535NCY6QTR, STM32U535NEY6QTR, STM32U535RBI6, STM32U535RBI6Q, STM32U535RBT6, STM32U535RBT6Q, STM32U535RCI6, STM32U535RCI6Q, STM32U535RCT6, STM32U535RCT6Q, STM32U535REI6, STM32U535REI6Q, STM32U535RET6, STM32U535RET6Q, STM32U535VCI6, STM32U535VCI6Q, STM32U535VCT6, STM32U535VCT6Q, STM32U535VEI6, STM32U535VEI6Q, STM32U535VET6, STM32U535VET6Q, STM32U545CET6, STM32U545CET6Q, STM32U545CEU6, STM32U545CEU6Q, STM32U545JEY6QTR, STM32U545NEY6QTR, STM32U545REI6, STM32U545REI6Q, STM32U545RET6, STM32U545RET6Q, STM32U545VEI6, STM32U545VEI6Q, STM32U545VET6, STM32U545VET6Q, STM32U595AIH6, STM32U595AIH6Q, STM32U595AJH6, STM32U595AJH6Q, STM32U595QII6, STM32U595QII6Q, STM32U595QJI6, STM32U595QJI6Q, STM32U595RIT6, STM32U595RIT6Q, STM32U595RJT6, STM32U595RJT6Q, STM32U595VIT6, STM32U595VIT6Q, STM32U595VJT6, STM32U595VJT6Q, STM32U595ZIT6, STM32U595ZIT6Q, STM32U595ZIY6QTR, STM32U595ZJT6, STM32U595ZJT6Q, STM32U595ZJY6QTR, STM32U599BJY6QTR, STM32U599NIH6Q, STM32U599NJH6Q, STM32U599VIT6Q, STM32U599VJT6, STM32U599VJT6Q, STM32U599ZIT6Q, STM32U599ZIY6QTR, STM32U599ZJT6Q, STM32U599ZJY6QTR, STM32U5A5AJH6, STM32U5A5AJH6Q, STM32U5A5QJI6, STM32U5A5QJI6Q, STM32U5A5RJT6, STM32U5A5RJT6Q, STM32U5A5VJT6, STM32U5A5VJT6Q, STM32U5A5ZJT6, STM32U5A5ZJT6Q, STM32U5A5ZJY6QTR, STM32U5A9BJY6QTR, STM32U5A9J-DK, STM32U5A9NJH6Q, STM32U5A9VJT6Q, STM32U5A9ZJT6Q, STM32U5A9ZJY6QTR, STM32U5F7VIT6, STM32U5F7VIT6Q, STM32U5F7VJT6, STM32U5F7VJT6Q, STM32U5F9BJY6QTR, STM32U5F9NJH6Q, STM32U5F9VIT6Q, STM32U5F9VJT6Q, STM32U5F9ZIJ6QTR, STM32U5F9ZIT6Q, STM32U5F9ZJJ6QTR, STM32U5F9ZJT6Q, STM32U5G7VJT6, STM32U5G7VJT6Q, STM32U5G9BJY6QTR, STM32U5G9J-DK1, STM32U5G9J-DK2, STM32U5G9NJH6Q, STM32U5G9VJT6Q, STM32U5G9ZJJ6QTR, STM32U5G9ZJT6Q, STM32WB1MMCH6, STM32WBA52CEU6, STM32WBA52CEU6T, STM32WBA52CGU6, STM32WBA52CGU6T, STM32WBA52KEU6, STM32WBA52KEU6T, STM32WBA52KGU6, STM32WBA52KGU6T, STM32WL5MOCH6, STM32WL5MOCH6TR]
2024-08-27 07:44:45,793 [INFO] BoardInfo:880 - No configuration file found for board NUCLEO-H533RE
2024-08-27 07:44:45,793 [INFO] DbBoards:157 - Board is not supported: NUCLEO-H533RE
2024-08-27 07:44:45,809 [INFO] BoardInfo:880 - No configuration file found for board NUCLEO-H7S3L8
2024-08-27 07:44:45,809 [INFO] DbBoards:157 - Board is not supported: NUCLEO-H7S3L8
2024-08-27 07:44:45,846 [INFO] BoardInfo:880 - No configuration file found for board NUCLEO-U031R8
2024-08-27 07:44:45,846 [INFO] DbBoards:157 - Board is not supported: NUCLEO-U031R8
2024-08-27 07:44:45,848 [INFO] BoardInfo:880 - No configuration file found for board NUCLEO-U083RC
2024-08-27 07:44:45,848 [INFO] DbBoards:157 - Board is not supported: NUCLEO-U083RC
2024-08-27 07:44:45,857 [INFO] BoardInfo:880 - No configuration file found for board NUCLEO-WB05KZ
2024-08-27 07:44:45,857 [INFO] DbBoards:157 - Board is not supported: NUCLEO-WB05KZ
2024-08-27 07:44:45,859 [INFO] BoardInfo:880 - No configuration file found for board NUCLEO-WB07CC
2024-08-27 07:44:45,859 [INFO] DbBoards:157 - Board is not supported: NUCLEO-WB07CC
2024-08-27 07:44:45,861 [INFO] BoardInfo:880 - No configuration file found for board NUCLEO-WB09KE
2024-08-27 07:44:45,861 [INFO] DbBoards:157 - Board is not supported: NUCLEO-WB09KE
2024-08-27 07:44:45,868 [INFO] BoardInfo:880 - No configuration file found for board NUCLEO-WBA55CG
2024-08-27 07:44:45,868 [INFO] DbBoards:157 - Board is not supported: NUCLEO-WBA55CG
2024-08-27 07:44:45,881 [INFO] BoardInfo:880 - No configuration file found for board P-NUCLEO-WB55
2024-08-27 07:44:45,881 [INFO] DbBoards:157 - Kit is not supported: P-NUCLEO-WB55
2024-08-27 07:44:45,891 [INFO] BoardInfo:880 - No configuration file found for board STEVAL-BFA001V1B
2024-08-27 07:44:45,891 [INFO] DbBoards:157 - Kit is not supported: STEVAL-BFA001V1B
2024-08-27 07:44:45,893 [INFO] BoardInfo:880 - No configuration file found for board STEVAL-BFA001V2B
2024-08-27 07:44:45,893 [INFO] DbBoards:157 - Kit is not supported: STEVAL-BFA001V2B
2024-08-27 07:44:45,900 [INFO] BoardInfo:880 - No configuration file found for board STEVAL-MKBOXPRO
2024-08-27 07:44:45,900 [INFO] DbBoards:157 - Board is not supported: STEVAL-MKBOXPRO
2024-08-27 07:44:46,083 [INFO] BoardInfo:880 - No configuration file found for board STM32H7S78-DK
2024-08-27 07:44:46,083 [INFO] DbBoards:157 - Board is not supported: STM32H7S78-DK
2024-08-27 07:44:46,129 [INFO] BoardInfo:880 - No configuration file found for board STM32MP257F-DK
2024-08-27 07:44:46,129 [INFO] DbBoards:157 - Board is not supported: STM32MP257F-DK
2024-08-27 07:44:46,131 [INFO] BoardInfo:880 - No configuration file found for board STM32MP257F-EV1
2024-08-27 07:44:46,132 [INFO] DbBoards:157 - Board is not supported: STM32MP257F-EV1
2024-08-27 07:44:46,135 [INFO] BoardInfo:880 - No configuration file found for board STM32U083C-DK
2024-08-27 07:44:46,135 [INFO] DbBoards:157 - Board is not supported: STM32U083C-DK
2024-08-27 07:44:46,150 [INFO] BoardInfo:880 - No configuration file found for board STM32WBA55G-DK1
2024-08-27 07:44:46,151 [INFO] DbBoards:157 - Board is not supported: STM32WBA55G-DK1
2024-08-27 07:44:46,151 [INFO] DbBoards:161 - Found 200 boards, 183 are supported
2024-08-27 07:44:46,158 [INFO] ApiDb:423 - Load user favorites file C:\Users\ignor/.stm32cubeide/favorites.boards.txt: 0 item(s)
2024-08-27 07:44:46,158 [INFO] ApiDb:427 - User favorites Boards=[]
2024-08-27 07:44:46,159 [INFO] DbBoards:190 - Set 0 / 0 favorites Boards
2024-08-27 07:44:46,162 [INFO] ApiDb:668 - CubeFinder database Data Model version=2.1
2024-08-27 07:44:46,163 [INFO] ApiDb:669 - CubeFinder database Configuration version=3.0.39
2024-08-27 07:44:46,163 [INFO] ApiDb:670 - CubeFinder database generation date=2024-08-06 (1722941618)
2024-08-27 07:44:46,163 [INFO] ApiDb:671 - CubeFinder database FW Pack versions=[FP-ATR-ASTRA1_V2.0.0, FP-SNS-FLIGHT1_V5.0.2, FP-SNS-MOTENV1_V5.0.0, FP-SNS-MOTENVWB1_V1.4.0, FP-SNS-SMARTAG2_V1.2.0, FP-SNS-STBOX1_V2.0.0, STM32Cube_FW_C0_V1.2.0, STM32Cube_FW_F4_V1.28.0, STM32Cube_FW_F7_V1.17.2, STM32Cube_FW_G0_V1.6.2, STM32Cube_FW_G4_V1.6.0, STM32Cube_FW_H5_V1.3.0, STM32Cube_FW_H7RS_V1.1.0, STM32Cube_FW_H7_V1.11.2, STM32Cube_FW_L0_V1.12.2, STM32Cube_FW_L5_V1.5.1, STM32Cube_FW_U0_V1.1.0, STM32Cube_FW_U5_V1.6.0, STM32Cube_FW_WB0_V1.0.0, STM32Cube_FW_WBA_V1.4.1, STM32Cube_FW_WB_V1.20.0, STM32Cube_FW_WL_V1.3.0, X-CUBE-ALGOBUILD_V1.4.0, X-CUBE-ALS_V1.0.2, X-CUBE-AZRTOS-F4_V1.1.0, X-CUBE-AZRTOS-F7_V1.1.0, X-CUBE-AZRTOS-G0_V1.1.0, X-CUBE-AZRTOS-G4_V2.0.0, X-CUBE-AZRTOS-H7RS_V1.0.0, X-CUBE-AZRTOS-H7_V3.2.0, X-CUBE-AZRTOS-L4_V2.0.0, X-CUBE-AZRTOS-L5_V1.1.0, X-CUBE-AZRTOS-WB_V2.0.0, X-CUBE-AZRTOS-WL_V2.0.0, X-CUBE-BLE1_V7.0.0, X-CUBE-BLE2_V3.3.0, X-CUBE-BLEMGR_V3.1.0, X-CUBE-EEPRMA1_V5.1.0, X-CUBE-FREERTOS_V1.2.0, X-CUBE-GNSS1_V6.0.0, X-CUBE-MEMS1_V10.0.0, X-CUBE-NFC4_V3.0.0, X-CUBE-NFC7_V1.0.1, X-CUBE-SFXS2LP1_V4.0.0, X-CUBE-SUBG2_V5.0.0, X-CUBE-TOF1_V3.4.2]
2024-08-27 07:44:47,352 [ERROR] DbExamplesSqlite:437 - Missing JSON key: board_cpn
2024-08-27 07:44:47,352 [ERROR] DbExamplesSqlite:437 - Missing JSON key: board_cpn
2024-08-27 07:44:47,352 [ERROR] DbExamplesSqlite:437 - Missing JSON key: board_cpn
2024-08-27 07:44:47,352 [ERROR] DbExamplesSqlite:437 - Missing JSON key: board_cpn
2024-08-27 07:44:47,697 [ERROR] DbExamplesSqlite:437 - Missing JSON key: board_cpn
2024-08-27 07:44:47,701 [ERROR] DbExamplesSqlite:437 - Missing JSON key: board_cpn
2024-08-27 07:44:47,702 [ERROR] DbExamplesSqlite:437 - Missing JSON key: board_cpn
2024-08-27 07:44:47,703 [ERROR] DbExamplesSqlite:437 - Missing JSON key: board_cpn
2024-08-27 07:44:47,704 [ERROR] DbExamplesSqlite:437 - Missing JSON key: board_cpn
2024-08-27 07:44:47,704 [ERROR] DbExamplesSqlite:437 - Missing JSON key: board_cpn
2024-08-27 07:44:47,705 [ERROR] DbExamplesSqlite:437 - Missing JSON key: board_cpn
2024-08-27 07:44:47,706 [ERROR] DbExamplesSqlite:437 - Missing JSON key: board_cpn
2024-08-27 07:44:47,706 [ERROR] DbExamplesSqlite:437 - Missing JSON key: board_cpn
2024-08-27 07:44:47,708 [INFO] DbExamplesSqlite:395 - Ignored 28 examples not supported by CubeIDE
2024-08-27 07:44:47,708 [INFO] DbExamplesSqlite:396 - Found 8608 examples active
2024-08-27 07:44:47,709 [INFO] DbExamplesSqlite:397 - Found 0 examples obsolete
2024-08-27 07:44:47,709 [INFO] DbExamplesSqlite:398 - Found 0 examples under development
2024-08-27 07:44:47,710 [INFO] DbExamplesSqlite:399 - Found 10 examples not building
2024-08-27 07:44:47,713 [INFO] DbExamples:125 - Found 8590 examples
2024-08-27 07:44:48,542 [ERROR] DbExamples:208 - Found 308 examples with invalid data (board or MCU)
2024-08-27 07:44:48,543 [INFO] DbExamples:222 - Found 107 boards with related examples
2024-08-27 07:44:48,545 [INFO] DbExamples:235 - Found 86 MCUs with related examples
2024-08-27 07:44:48,610 [INFO] ApiDb:414 - User favorites file not found: C:\Users\ignor/.stm32cubeide/favorites.examples.txt
2024-08-27 07:44:48,610 [INFO] DbExamples:250 - Set 0 / 0 favorites Examples
2024-08-27 07:45:08,864 [INFO] McuFinderGlobals:76 - Set McuFinderConnectedMode to true
2024-08-27 07:45:08,876 [INFO] MultiScanPanel:200 - Auto-refresh data requested => check proxy status ongoing
2024-08-27 07:45:08,881 [INFO] FinderPluginLoader:95 - Searching for filters in installed packs
2024-08-27 07:45:11,535 [INFO] LoadUrlFilesThread:185 - End of LoadServerUrlFiles without Thread
2024-08-27 07:45:11,553 [INFO] DetailPanel:341 - Set advertising image to C:/Users/ignor/STM32Cube/Repository/\en.prom-stm32h7rs-mcu-finder.jpg
2024-08-27 07:45:18,498 [INFO] McuFinderGlobals:76 - Set McuFinderConnectedMode to true
2024-08-27 07:45:19,518 [INFO] ApiDb:448 - Save user favorites file C:\Users\ignor/.stm32cubeide/favorites.mcus.txt: 0 item(s)
2024-08-27 07:45:19,518 [INFO] ApiDb:452 - User favorites MCUs=[]
